\BOOKMARK [0][-]{init.0}{P\341gina de Rosto}{}% 1
\BOOKMARK [0][-]{contents.0}{Conte\372do}{}% 2
\BOOKMARK [0][-]{figures.0}{Lista de Figuras}{}% 3
\BOOKMARK [0][-]{tables.0}{Lista de Tabelas}{}% 4
\BOOKMARK [0][-]{chapter.1}{1 Introdu\347\343o}{}% 5
\BOOKMARK [1][-]{section.1.1}{1.1 Contexto/Enquadramento}{chapter.1}% 6
\BOOKMARK [1][-]{section.1.2}{1.2 Motiva\347\343o e Objetivos}{chapter.1}% 7
\BOOKMARK [1][-]{section.1.3}{1.3 Estrutura da Disserta\347\343o}{chapter.1}% 8
\BOOKMARK [0][-]{chapter.2}{2 Revis\343o Bibliogr\341fica}{}% 9
\BOOKMARK [1][-]{section.2.1}{2.1 Fault Localization Software}{chapter.2}% 10
\BOOKMARK [2][-]{subsection.2.1.1}{2.1.1 Program-spectra based}{section.2.1}% 11
\BOOKMARK [2][-]{subsection.2.1.2}{2.1.2 Model-based diagnosis}{section.2.1}% 12
\BOOKMARK [2][-]{subsection.2.1.3}{2.1.3 Barinel}{section.2.1}% 13
\BOOKMARK [2][-]{subsection.2.1.4}{2.1.4 Crowbar}{section.2.1}% 14
\BOOKMARK [1][-]{section.2.2}{2.2 Software Repository Mining}{chapter.2}% 15
\BOOKMARK [1][-]{section.2.3}{2.3 Abordagens \340 predi\347\343o de defeitos}{chapter.2}% 16
\BOOKMARK [2][-]{subsection.2.3.1}{2.3.1 BugCache}{section.2.3}% 17
\BOOKMARK [2][-]{subsection.2.3.2}{2.3.2 FixCache}{section.2.3}% 18
\BOOKMARK [2][-]{subsection.2.3.3}{2.3.3 Buggy Change Classification}{section.2.3}% 19
\BOOKMARK [0][-]{appendix.A}{A Loren Ipsum}{}% 20
\BOOKMARK [1][-]{section.A.1}{A.1 O que \351 o Loren Ipsum?}{appendix.A}% 21
\BOOKMARK [1][-]{section.A.2}{A.2 De onde Vem o Loren?}{appendix.A}% 22
\BOOKMARK [1][-]{section.A.3}{A.3 Porque se usa o Loren?}{appendix.A}% 23
\BOOKMARK [1][-]{section.A.4}{A.4 Onde se Podem Encontrar Exemplos?}{appendix.A}% 24
\BOOKMARK [0][-]{section*.9}{Refer\352ncias}{}% 25
