\BOOKMARK [0][-]{init.0}{Front Page}{}% 1
\BOOKMARK [0][-]{contents.0}{Conte\372do}{}% 2
\BOOKMARK [0][-]{figures.0}{Lista de Figuras}{}% 3
\BOOKMARK [0][-]{tables.0}{Lista de Tabelas}{}% 4
\BOOKMARK [0][-]{chapter.1}{1 Introdu\347\343o}{}% 5
\BOOKMARK [1][-]{section.1.1}{1.1 Contexto/Enquadramento}{chapter.1}% 6
\BOOKMARK [1][-]{section.1.2}{1.2 Motiva\347\343o e Objetivos}{chapter.1}% 7
\BOOKMARK [1][-]{section.1.3}{1.3 Estrutura}{chapter.1}% 8
\BOOKMARK [0][-]{chapter.2}{2 Revis\343o Bibliogr\341fica}{}% 9
\BOOKMARK [1][-]{section.2.1}{2.1 Fault Localization Software}{chapter.2}% 10
\BOOKMARK [2][-]{subsection.2.1.1}{2.1.1 Program Slicing}{section.2.1}% 11
\BOOKMARK [2][-]{subsection.2.1.2}{2.1.2 Spectrum-based diagnosis}{section.2.1}% 12
\BOOKMARK [2][-]{subsection.2.1.3}{2.1.3 Model-based diagnosis}{section.2.1}% 13
\BOOKMARK [2][-]{subsection.2.1.4}{2.1.4 Barinel}{section.2.1}% 14
\BOOKMARK [1][-]{section.2.2}{2.2 Software Repository Mining}{chapter.2}% 15
\BOOKMARK [2][-]{subsection.2.2.1}{2.2.1 Identifica\347\343o de corre\347\365es e defeitos}{section.2.2}% 16
\BOOKMARK [2][-]{subsection.2.2.2}{2.2.2 Ferramentas}{section.2.2}% 17
\BOOKMARK [1][-]{section.2.3}{2.3 Abordagens \340 previs\343o de defeitos}{chapter.2}% 18
\BOOKMARK [2][-]{subsection.2.3.1}{2.3.1 BugCache/FixCache}{section.2.3}% 19
\BOOKMARK [2][-]{subsection.2.3.2}{2.3.2 Buggy Change Classification}{section.2.3}% 20
\BOOKMARK [0][-]{chapter.3}{3 Estimating Defect Probabilities}{}% 21
\BOOKMARK [1][-]{subsection.3.0.3}{3.0.3 Concept}{chapter.3}% 22
\BOOKMARK [2][-]{subsection.3.0.4}{3.0.4 Main difficulties}{subsection.3.0.3}% 23
\BOOKMARK [2][-]{subsection.3.0.5}{3.0.5 Install}{subsection.3.0.3}% 24
\BOOKMARK [2][-]{subsection.3.0.6}{3.0.6 Usage}{subsection.3.0.3}% 25
\BOOKMARK [2][-]{subsection.3.0.7}{3.0.7 Process}{subsection.3.0.3}% 26
\BOOKMARK [0][-]{chapter.4}{4 Barinel Integration}{}% 27
\BOOKMARK [1][-]{subsection.4.0.8}{4.0.8 Priors Replacement}{chapter.4}% 28
\BOOKMARK [2][-]{subsection.4.0.9}{4.0.9 Results Modification}{subsection.4.0.8}% 29
\BOOKMARK [0][-]{chapter.5}{5 Experimental Results}{}% 30
\BOOKMARK [1][-]{subsection.5.0.10}{5.0.10 Estimating Defect Probability}{chapter.5}% 31
\BOOKMARK [2][-]{subsection.5.0.11}{5.0.11 Barinel Integration}{subsection.5.0.10}% 32
\BOOKMARK [0][-]{section*.22}{References}{}% 33
